2019-08-14 17:50:17.1190||DEBUG|NYSE_daily.Program|NYSE init main |url: |action: 
2019-08-14 17:58:07.4633||DEBUG|NYSE_daily.Program|NYSE init main |url: |action: 
2019-08-14 17:58:08.8198|3|WARN|Microsoft.AspNetCore.HttpsPolicy.HttpsRedirectionMiddleware|Failed to determine the https port for redirect. |url: http://localhost/api/dailyprices|action: 
2019-08-14 17:58:08.9619|1|ERROR|Microsoft.AspNetCore.Diagnostics.DeveloperExceptionPageMiddleware|An unhandled exception has occurred while executing the request. System.InvalidOperationException: Multiple constructors accepting all given argument types have been found in type 'NYSE_Daily_price.Controllers.DailyPricesController'. There should only be one applicable constructor.
   at Microsoft.Extensions.DependencyInjection.ActivatorUtilities.TryFindMatchingConstructor(Type instanceType, Type[] argumentTypes, ConstructorInfo& matchingConstructor, Nullable`1[]& parameterMap)
   at Microsoft.Extensions.DependencyInjection.ActivatorUtilities.FindApplicableConstructor(Type instanceType, Type[] argumentTypes, ConstructorInfo& matchingConstructor, Nullable`1[]& parameterMap)
   at Microsoft.Extensions.DependencyInjection.ActivatorUtilities.CreateFactory(Type instanceType, Type[] argumentTypes)
   at Microsoft.AspNetCore.Mvc.Controllers.ControllerActivatorProvider.CreateActivator(ControllerActionDescriptor descriptor)
   at Microsoft.AspNetCore.Mvc.Controllers.ControllerFactoryProvider.CreateControllerFactory(ControllerActionDescriptor descriptor)
   at Microsoft.AspNetCore.Mvc.Internal.ControllerActionInvokerCache.GetCachedResult(ControllerContext controllerContext)
   at Microsoft.AspNetCore.Mvc.Internal.ControllerActionInvokerProvider.OnProvidersExecuting(ActionInvokerProviderContext context)
   at Microsoft.AspNetCore.Mvc.Internal.ActionInvokerFactory.CreateInvoker(ActionContext actionContext)
   at Microsoft.AspNetCore.Mvc.Internal.MvcEndpointDataSource.<>c__DisplayClass21_0.<CreateEndpoint>b__0(HttpContext context)
   at Microsoft.AspNetCore.Routing.EndpointMiddleware.Invoke(HttpContext httpContext)
   at Microsoft.AspNetCore.Routing.EndpointRoutingMiddleware.Invoke(HttpContext httpContext)
   at Microsoft.AspNetCore.Diagnostics.DeveloperExceptionPageMiddleware.Invoke(HttpContext context)|url: http://localhost/api/dailyprices|action: GetDailyPrices
2019-08-14 17:58:19.4765|1|ERROR|Microsoft.AspNetCore.Diagnostics.DeveloperExceptionPageMiddleware|An unhandled exception has occurred while executing the request. System.InvalidOperationException: Multiple constructors accepting all given argument types have been found in type 'NYSE_Daily_price.Controllers.DailyPricesController'. There should only be one applicable constructor.
   at Microsoft.Extensions.DependencyInjection.ActivatorUtilities.TryFindMatchingConstructor(Type instanceType, Type[] argumentTypes, ConstructorInfo& matchingConstructor, Nullable`1[]& parameterMap)
   at Microsoft.Extensions.DependencyInjection.ActivatorUtilities.FindApplicableConstructor(Type instanceType, Type[] argumentTypes, ConstructorInfo& matchingConstructor, Nullable`1[]& parameterMap)
   at Microsoft.Extensions.DependencyInjection.ActivatorUtilities.CreateFactory(Type instanceType, Type[] argumentTypes)
   at Microsoft.AspNetCore.Mvc.Controllers.ControllerActivatorProvider.CreateActivator(ControllerActionDescriptor descriptor)
   at Microsoft.AspNetCore.Mvc.Controllers.ControllerFactoryProvider.CreateControllerFactory(ControllerActionDescriptor descriptor)
   at Microsoft.AspNetCore.Mvc.Internal.ControllerActionInvokerCache.GetCachedResult(ControllerContext controllerContext)
   at Microsoft.AspNetCore.Mvc.Internal.ControllerActionInvokerProvider.OnProvidersExecuting(ActionInvokerProviderContext context)
   at Microsoft.AspNetCore.Mvc.Internal.ActionInvokerFactory.CreateInvoker(ActionContext actionContext)
   at Microsoft.AspNetCore.Mvc.Internal.MvcEndpointDataSource.<>c__DisplayClass21_0.<CreateEndpoint>b__0(HttpContext context)
   at Microsoft.AspNetCore.Routing.EndpointMiddleware.Invoke(HttpContext httpContext)
   at Microsoft.AspNetCore.Routing.EndpointRoutingMiddleware.Invoke(HttpContext httpContext)
   at Microsoft.AspNetCore.Diagnostics.DeveloperExceptionPageMiddleware.Invoke(HttpContext context)|url: http://localhost/api/dailyprices|action: GetDailyPrices
2019-08-14 17:59:01.8771|1|ERROR|Microsoft.AspNetCore.Diagnostics.DeveloperExceptionPageMiddleware|An unhandled exception has occurred while executing the request. System.InvalidOperationException: Multiple constructors accepting all given argument types have been found in type 'NYSE_Daily_price.Controllers.DailyPricesController'. There should only be one applicable constructor.
   at Microsoft.Extensions.DependencyInjection.ActivatorUtilities.TryFindMatchingConstructor(Type instanceType, Type[] argumentTypes, ConstructorInfo& matchingConstructor, Nullable`1[]& parameterMap)
   at Microsoft.Extensions.DependencyInjection.ActivatorUtilities.FindApplicableConstructor(Type instanceType, Type[] argumentTypes, ConstructorInfo& matchingConstructor, Nullable`1[]& parameterMap)
   at Microsoft.Extensions.DependencyInjection.ActivatorUtilities.CreateFactory(Type instanceType, Type[] argumentTypes)
   at Microsoft.AspNetCore.Mvc.Controllers.ControllerActivatorProvider.CreateActivator(ControllerActionDescriptor descriptor)
   at Microsoft.AspNetCore.Mvc.Controllers.ControllerFactoryProvider.CreateControllerFactory(ControllerActionDescriptor descriptor)
   at Microsoft.AspNetCore.Mvc.Internal.ControllerActionInvokerCache.GetCachedResult(ControllerContext controllerContext)
   at Microsoft.AspNetCore.Mvc.Internal.ControllerActionInvokerProvider.OnProvidersExecuting(ActionInvokerProviderContext context)
   at Microsoft.AspNetCore.Mvc.Internal.ActionInvokerFactory.CreateInvoker(ActionContext actionContext)
   at Microsoft.AspNetCore.Mvc.Internal.MvcEndpointDataSource.<>c__DisplayClass21_0.<CreateEndpoint>b__0(HttpContext context)
   at Microsoft.AspNetCore.Routing.EndpointMiddleware.Invoke(HttpContext httpContext)
   at Microsoft.AspNetCore.Routing.EndpointRoutingMiddleware.Invoke(HttpContext httpContext)
   at Microsoft.AspNetCore.Diagnostics.DeveloperExceptionPageMiddleware.Invoke(HttpContext context)|url: http://localhost/api/dailyprices/hellowworld|action: GetHelloWorld
2019-08-14 18:01:00.6640||DEBUG|NYSE_daily.Program|NYSE init main |url: |action: 
2019-08-14 18:01:02.6818|3|WARN|Microsoft.AspNetCore.HttpsPolicy.HttpsRedirectionMiddleware|Failed to determine the https port for redirect. |url: http://localhost/api/dailyprices/hellowworld|action: 
2019-08-14 18:01:03.1449||INFO|NYSE_Daily_price.Controllers.DailyPricesController|Start Hello World. |url: http://localhost/api/dailyprices/hellowworld|action: GetHelloWorld
2019-08-14 18:01:06.1276||INFO|NYSE_Daily_price.Controllers.DailyPricesController|Return all daily prices. |url: http://localhost/api/dailyprices|action: GetDailyPrices
2019-08-14 18:01:27.8281||INFO|NYSE_Daily_price.Controllers.DailyPricesController|Start Hello World. |url: http://localhost/api/dailyprices/hellowworld|action: GetHelloWorld
2019-08-14 18:12:19.9571||INFO|NYSE_Daily_price.Controllers.DailyPricesController|Start Hello World. |url: http://localhost/api/dailyprices/hellowworld|action: GetHelloWorld
2019-08-14 18:12:20.1041||INFO|NYSE_Daily_price.Controllers.DailyPricesController|Return all daily prices. |url: http://localhost/api/dailyprices|action: GetDailyPrices
2019-08-14 18:13:01.3766||INFO|NYSE_Daily_price.Controllers.DailyPricesController|Start Hello World. |url: http://localhost/api/dailyprices/hellowworld|action: GetHelloWorld
2019-08-14 18:13:01.5223||INFO|NYSE_Daily_price.Controllers.DailyPricesController|Return all daily prices. |url: http://localhost/api/dailyprices|action: GetDailyPrices
2019-08-14 18:14:07.2182||INFO|NYSE_Daily_price.Controllers.DailyPricesController|Start Hello World. |url: http://localhost/api/dailyprices/hellowworld|action: GetHelloWorld
2019-08-14 18:14:07.3533||INFO|NYSE_Daily_price.Controllers.DailyPricesController|Return all daily prices. |url: http://localhost/api/dailyprices|action: GetDailyPrices
